<?xml version="1.0" encoding="UTF-8"?>
<!-- Generated by org.testng.reporters.JUnitXMLReporter -->
<testsuite hostname="Manjus-MacBook-Pro.local" ignored="0" name="TC004_ch " tests="6" failures="2" timestamp="15 Sep 2018 00:22:37 GMT" time="26.879" errors="0">
  <testcase name="launchHomePage" time="1.501" classname="com.branchIO.HomePageTest"/>
  <testcase name="HomePage_team" time="5.555" classname="com.branchIO.HomePageTest"/>
  <testcase name="varifyEmployeeList" time="11.975" classname="com.branchIO.HomePageTest">
    <failure type="java.lang.AssertionError" message="expected [true] but found [false]">
      <![CDATA[java.lang.AssertionError: expected [true] but found [false]
at com.branchIO.HomePageTest.varifyEmployeeList(HomePageTest.java:183)
... Removed 29 stack frames]]>
    </failure>
  </testcase> <!-- varifyEmployeeList -->
  <testcase name="validateNumberOfEmployee" time="0.102" classname="com.branchIO.HomePageTest">
    <failure type="java.lang.AssertionError" message="expected [124] but found [120]">
      <![CDATA[java.lang.AssertionError: expected [124] but found [120]
at com.branchIO.HomePageTest.validateNumberOfEmployee(HomePageTest.java:221)
... Removed 31 stack frames]]>
    </failure>
  </testcase> <!-- validateNumberOfEmployee -->
  <testcase name="navigateHomePageWithGoogle" time="4.888" classname="com.branchIO.HomePageTest"/>
  <testcase name="openNewtab" time="1.348" classname="com.branchIO.HomePageTest"/>
</testsuite> <!-- TC004_ch  -->
