<?xml version="1.0" encoding="UTF-8"?>
<testng-results skipped="0" failed="2" ignored="0" total="6" passed="4">
  <reporter-output>
  </reporter-output>
  <suite name="Regression-1_testingHomePage" duration-ms="26879" started-at="2018-09-15T00:22:10Z" finished-at="2018-09-15T00:22:37Z">
    <groups>
    </groups>
    <test name="TC004_ch " duration-ms="26879" started-at="2018-09-15T00:22:10Z" finished-at="2018-09-15T00:22:37Z">
      <class name="com.branchIO.HomePageTest">
        <test-method status="PASS" signature="setupEn()[pri:0, instance:com.branchIO.HomePageTest@2db7a79b]" name="setupEn" is-config="true" duration-ms="7" started-at="2018-09-15T00:22:10Z" finished-at="2018-09-15T00:22:10Z">
          <reporter-output>
          </reporter-output>
        </test-method> <!-- setupEn -->
        <test-method status="PASS" signature="launchBrowser(java.lang.String)[pri:0, instance:com.branchIO.HomePageTest@2db7a79b]" name="launchBrowser" is-config="true" duration-ms="1354" started-at="2018-09-15T00:22:10Z" finished-at="2018-09-15T00:22:11Z">
          <params>
            <param index="0">
              <value>
                <![CDATA[ch]]>
              </value>
            </param>
          </params>
          <reporter-output>
          </reporter-output>
        </test-method> <!-- launchBrowser -->
        <test-method status="PASS" signature="launchHomePage(java.lang.String)[pri:1, instance:com.branchIO.HomePageTest@2db7a79b]" name="launchHomePage" duration-ms="1501" started-at="2018-09-15T00:22:11Z" finished-at="2018-09-15T00:22:13Z">
          <params>
            <param index="0">
              <value>
                <![CDATA[https://branch.io/]]>
              </value>
            </param>
          </params>
          <reporter-output>
          </reporter-output>
        </test-method> <!-- launchHomePage -->
        <test-method status="PASS" signature="HomePage_team()[pri:2, instance:com.branchIO.HomePageTest@2db7a79b]" name="HomePage_team" duration-ms="5555" started-at="2018-09-15T00:22:13Z" finished-at="2018-09-15T00:22:18Z">
          <reporter-output>
          </reporter-output>
        </test-method> <!-- HomePage_team -->
        <test-method status="FAIL" signature="varifyEmployeeList()[pri:3, instance:com.branchIO.HomePageTest@2db7a79b]" name="varifyEmployeeList" duration-ms="11975" started-at="2018-09-15T00:22:18Z" finished-at="2018-09-15T00:22:30Z">
          <exception class="java.lang.AssertionError">
            <message>
              <![CDATA[expected [true] but found [false]]]>
            </message>
            <full-stacktrace>
              <![CDATA[java.lang.AssertionError: expected [true] but found [false]
at org.testng.Assert.fail(Assert.java:96)
at org.testng.Assert.failNotEquals(Assert.java:776)
at org.testng.Assert.assertTrue(Assert.java:44)
at org.testng.Assert.assertTrue(Assert.java:54)
at com.branchIO.HomePageTest.varifyEmployeeList(HomePageTest.java:183)
at sun.reflect.NativeMethodAccessorImpl.invoke0(Native Method)
at sun.reflect.NativeMethodAccessorImpl.invoke(NativeMethodAccessorImpl.java:62)
at sun.reflect.DelegatingMethodAccessorImpl.invoke(DelegatingMethodAccessorImpl.java:43)
at java.lang.reflect.Method.invoke(Method.java:498)
at org.testng.internal.MethodInvocationHelper.invokeMethod(MethodInvocationHelper.java:124)
at org.testng.internal.Invoker.invokeMethod(Invoker.java:580)
at org.testng.internal.Invoker.invokeTestMethod(Invoker.java:716)
at org.testng.internal.Invoker.invokeTestMethods(Invoker.java:988)
at org.testng.internal.TestMethodWorker.invokeTestMethods(TestMethodWorker.java:125)
at org.testng.internal.TestMethodWorker.run(TestMethodWorker.java:109)
at org.testng.TestRunner.privateRun(TestRunner.java:648)
at org.testng.TestRunner.run(TestRunner.java:505)
at org.testng.SuiteRunner.runTest(SuiteRunner.java:455)
at org.testng.SuiteRunner.runSequentially(SuiteRunner.java:450)
at org.testng.SuiteRunner.privateRun(SuiteRunner.java:415)
at org.testng.SuiteRunner.run(SuiteRunner.java:364)
at org.testng.SuiteRunnerWorker.runSuite(SuiteRunnerWorker.java:52)
at org.testng.SuiteRunnerWorker.run(SuiteRunnerWorker.java:84)
at org.testng.TestNG.runSuitesSequentially(TestNG.java:1208)
at org.testng.TestNG.runSuitesLocally(TestNG.java:1137)
at org.testng.TestNG.runSuites(TestNG.java:1049)
at org.testng.TestNG.run(TestNG.java:1017)
at org.testng.remote.AbstractRemoteTestNG.run(AbstractRemoteTestNG.java:114)
at org.testng.remote.RemoteTestNG.initAndRun(RemoteTestNG.java:251)
at org.testng.remote.RemoteTestNG.main(RemoteTestNG.java:77)
]]>
            </full-stacktrace>
          </exception> <!-- java.lang.AssertionError -->
          <reporter-output>
          </reporter-output>
        </test-method> <!-- varifyEmployeeList -->
        <test-method status="FAIL" signature="validateNumberOfEmployee()[pri:4, instance:com.branchIO.HomePageTest@2db7a79b]" name="validateNumberOfEmployee" duration-ms="102" started-at="2018-09-15T00:22:30Z" finished-at="2018-09-15T00:22:30Z">
          <exception class="java.lang.AssertionError">
            <message>
              <![CDATA[expected [124] but found [120]]]>
            </message>
            <full-stacktrace>
              <![CDATA[java.lang.AssertionError: expected [124] but found [120]
at org.testng.Assert.fail(Assert.java:96)
at org.testng.Assert.failNotEquals(Assert.java:776)
at org.testng.Assert.assertEqualsImpl(Assert.java:137)
at org.testng.Assert.assertEquals(Assert.java:118)
at org.testng.Assert.assertEquals(Assert.java:652)
at org.testng.Assert.assertEquals(Assert.java:662)
at com.branchIO.HomePageTest.validateNumberOfEmployee(HomePageTest.java:221)
at sun.reflect.NativeMethodAccessorImpl.invoke0(Native Method)
at sun.reflect.NativeMethodAccessorImpl.invoke(NativeMethodAccessorImpl.java:62)
at sun.reflect.DelegatingMethodAccessorImpl.invoke(DelegatingMethodAccessorImpl.java:43)
at java.lang.reflect.Method.invoke(Method.java:498)
at org.testng.internal.MethodInvocationHelper.invokeMethod(MethodInvocationHelper.java:124)
at org.testng.internal.Invoker.invokeMethod(Invoker.java:580)
at org.testng.internal.Invoker.invokeTestMethod(Invoker.java:716)
at org.testng.internal.Invoker.invokeTestMethods(Invoker.java:988)
at org.testng.internal.TestMethodWorker.invokeTestMethods(TestMethodWorker.java:125)
at org.testng.internal.TestMethodWorker.run(TestMethodWorker.java:109)
at org.testng.TestRunner.privateRun(TestRunner.java:648)
at org.testng.TestRunner.run(TestRunner.java:505)
at org.testng.SuiteRunner.runTest(SuiteRunner.java:455)
at org.testng.SuiteRunner.runSequentially(SuiteRunner.java:450)
at org.testng.SuiteRunner.privateRun(SuiteRunner.java:415)
at org.testng.SuiteRunner.run(SuiteRunner.java:364)
at org.testng.SuiteRunnerWorker.runSuite(SuiteRunnerWorker.java:52)
at org.testng.SuiteRunnerWorker.run(SuiteRunnerWorker.java:84)
at org.testng.TestNG.runSuitesSequentially(TestNG.java:1208)
at org.testng.TestNG.runSuitesLocally(TestNG.java:1137)
at org.testng.TestNG.runSuites(TestNG.java:1049)
at org.testng.TestNG.run(TestNG.java:1017)
at org.testng.remote.AbstractRemoteTestNG.run(AbstractRemoteTestNG.java:114)
at org.testng.remote.RemoteTestNG.initAndRun(RemoteTestNG.java:251)
at org.testng.remote.RemoteTestNG.main(RemoteTestNG.java:77)
]]>
            </full-stacktrace>
          </exception> <!-- java.lang.AssertionError -->
          <reporter-output>
          </reporter-output>
        </test-method> <!-- validateNumberOfEmployee -->
        <test-method status="PASS" signature="navigateHomePageWithGoogle(java.lang.String)[pri:5, instance:com.branchIO.HomePageTest@2db7a79b]" name="navigateHomePageWithGoogle" duration-ms="4888" started-at="2018-09-15T00:22:30Z" finished-at="2018-09-15T00:22:35Z">
          <params>
            <param index="0">
              <value>
                <![CDATA[https://www.google.com/]]>
              </value>
            </param>
          </params>
          <reporter-output>
          </reporter-output>
        </test-method> <!-- navigateHomePageWithGoogle -->
        <test-method status="PASS" signature="openNewtab(java.lang.String)[pri:6, instance:com.branchIO.HomePageTest@2db7a79b]" name="openNewtab" duration-ms="1348" started-at="2018-09-15T00:22:35Z" finished-at="2018-09-15T00:22:37Z">
          <params>
            <param index="0">
              <value>
                <![CDATA[https://branch.io/]]>
              </value>
            </param>
          </params>
          <reporter-output>
          </reporter-output>
        </test-method> <!-- openNewtab -->
        <test-method status="PASS" signature="teardown()[pri:0, instance:com.branchIO.HomePageTest@2db7a79b]" name="teardown" is-config="true" duration-ms="126" started-at="2018-09-15T00:22:37Z" finished-at="2018-09-15T00:22:37Z">
          <reporter-output>
          </reporter-output>
        </test-method> <!-- teardown -->
      </class> <!-- com.branchIO.HomePageTest -->
    </test> <!-- TC004_ch  -->
  </suite> <!-- Regression-1_testingHomePage -->
</testng-results>
